[2025-03-20T18:43:23.853] [INFO] default - Connectat a MongoDB
[2025-03-20T18:43:23.855] [INFO] default - Llegint el fitxer XML...
[2025-03-20T18:43:40.237] [INFO] default - Processant les dades...
[2025-03-20T18:43:40.239] [ERROR] default - Error carregant les dades a MongoDB: TypeError: Cannot read properties of undefined (reading 'decode')
    at C:\Users\pablo\Desktop\mongodb\DAM-M06-UF03-Punt-Partida-NodeJS\exemple-mongodb\src\Exercici1.js:65:31
    at Array.map (<anonymous>)
    at processPostsData (C:\Users\pablo\Desktop\mongodb\DAM-M06-UF03-Punt-Partida-NodeJS\exemple-mongodb\src\Exercici1.js:63:16)
    at loadDataToMongoDB (C:\Users\pablo\Desktop\mongodb\DAM-M06-UF03-Punt-Partida-NodeJS\exemple-mongodb\src\Exercici1.js:107:23)
    at process.processTicksAndRejections (node:internal/process/task_queues:95:5)
[2025-03-20T18:43:40.243] [INFO] default - Connexió a MongoDB tancada
[2025-03-20T18:44:04.436] [INFO] default - Connectat a MongoDB
[2025-03-20T18:44:04.438] [INFO] default - Llegint el fitxer XML...
[2025-03-20T18:44:21.323] [INFO] default - Processant les dades...
[2025-03-20T18:44:21.325] [ERROR] default - Error carregant les dades a MongoDB: TypeError: Cannot read properties of undefined (reading 'decode')
    at C:\Users\pablo\Desktop\mongodb\DAM-M06-UF03-Punt-Partida-NodeJS\exemple-mongodb\src\Exercici1.js:65:31
    at Array.map (<anonymous>)
    at processPostsData (C:\Users\pablo\Desktop\mongodb\DAM-M06-UF03-Punt-Partida-NodeJS\exemple-mongodb\src\Exercici1.js:63:16)
    at loadDataToMongoDB (C:\Users\pablo\Desktop\mongodb\DAM-M06-UF03-Punt-Partida-NodeJS\exemple-mongodb\src\Exercici1.js:107:23)
    at process.processTicksAndRejections (node:internal/process/task_queues:95:5)
[2025-03-20T18:44:21.327] [INFO] default - Connexió a MongoDB tancada
[2025-03-20T18:45:57.181] [INFO] default - Connectat a MongoDB
[2025-03-20T18:45:57.183] [INFO] default - Llegint el fitxer XML...
[2025-03-20T18:46:13.289] [INFO] default - Processant les dades...
[2025-03-20T18:46:56.915] [ERROR] default - Error carregant les dades a MongoDB: TypeError: Cannot read properties of undefined (reading 'ViewCount')
    at C:\Users\pablo\Desktop\mongodb\DAM-M06-UF03-Punt-Partida-NodeJS\exemple-mongodb\src\Exercici1.js:114:43
    at Array.sort (<anonymous>)
    at loadDataToMongoDB (C:\Users\pablo\Desktop\mongodb\DAM-M06-UF03-Punt-Partida-NodeJS\exemple-mongodb\src\Exercici1.js:114:8)
    at process.processTicksAndRejections (node:internal/process/task_queues:95:5)
[2025-03-20T18:46:56.918] [INFO] default - Connexió a MongoDB tancada
[2025-03-20T18:51:50.960] [INFO] default - Connectat a MongoDB
[2025-03-20T18:51:50.962] [INFO] default - Llegint el fitxer XML...
[2025-03-20T18:52:06.349] [INFO] default - Processant les dades...
[2025-03-20T18:52:42.811] [ERROR] default - Error carregant les dades a MongoDB: TypeError: Cannot read properties of undefined (reading 'ViewCount')
    at C:\Users\pablo\Desktop\mongodb\DAM-M06-UF03-Punt-Partida-NodeJS\exemple-mongodb\src\Exercici1.js:114:43
    at Array.sort (<anonymous>)
    at loadDataToMongoDB (C:\Users\pablo\Desktop\mongodb\DAM-M06-UF03-Punt-Partida-NodeJS\exemple-mongodb\src\Exercici1.js:114:8)
    at process.processTicksAndRejections (node:internal/process/task_queues:95:5)
[2025-03-20T18:52:42.814] [INFO] default - Connexió a MongoDB tancada
[2025-03-20T18:53:37.552] [INFO] default - Connectat a MongoDB
[2025-03-20T18:53:37.554] [INFO] default - Llegint el fitxer XML...
[2025-03-20T18:53:53.728] [INFO] default - Processant les dades...
[2025-03-20T18:54:30.931] [INFO] default - Eliminant dades existents...
[2025-03-20T18:54:30.983] [INFO] default - Inserint dades a MongoDB...
[2025-03-20T18:54:32.577] [INFO] default - 10000 documents inserits correctament.
[2025-03-20T18:54:32.577] [INFO] default - Dades carregades amb èxit!
[2025-03-20T18:54:32.589] [INFO] default - Connexió a MongoDB tancada
[2025-03-20T18:58:09.825] [INFO] default - Connectat a MongoDB
[2025-03-20T18:58:09.827] [INFO] default - Llegint el fitxer XML...
[2025-03-20T18:58:25.250] [INFO] default - Processant les dades...
[2025-03-20T18:59:01.353] [INFO] default - Eliminant dades existents...
[2025-03-20T18:59:01.440] [INFO] default - Inserint dades a MongoDB...
[2025-03-20T18:59:03.063] [INFO] default - 10000 documents inserits correctament.
[2025-03-20T18:59:03.063] [INFO] default - Dades carregades amb èxit!
[2025-03-20T18:59:03.107] [INFO] default - Connexió a MongoDB tancada
[2025-03-20T19:00:57.071] [INFO] default - Connectat a MongoDB
[2025-03-20T19:00:57.073] [INFO] default - Llegint el fitxer XML...
[2025-03-20T19:01:12.513] [INFO] default - Processant les dades...
[2025-03-20T19:01:12.723] [INFO] default - Eliminant dades existents...
[2025-03-20T19:01:12.834] [INFO] default - Inserint dades a MongoDB...
[2025-03-20T19:01:13.965] [INFO] default - 10000 documents inserits correctament.
[2025-03-20T19:01:13.965] [INFO] default - Dades carregades amb èxit!
[2025-03-20T19:01:13.968] [INFO] default - Connexió a MongoDB tancada
[2025-03-20T19:02:18.473] [INFO] default - Connectat a MongoDB
[2025-03-20T19:02:18.475] [INFO] default - Llegint el fitxer XML...
[2025-03-20T19:02:33.572] [INFO] default - Processant les dades...
[2025-03-20T19:02:33.779] [INFO] default - Eliminant dades existents...
[2025-03-20T19:02:33.898] [INFO] default - Inserint dades a MongoDB...
[2025-03-20T19:02:35.004] [INFO] default - 10000 documents inserits correctament.
[2025-03-20T19:02:35.004] [INFO] default - Dades carregades amb èxit!
[2025-03-20T19:02:35.008] [INFO] default - Connexió a MongoDB tancada
[2025-03-20T19:03:22.795] [INFO] default - Connectat a MongoDB
[2025-03-20T19:03:22.797] [INFO] default - Llegint el fitxer XML...
[2025-03-20T19:03:37.874] [INFO] default - Processant les dades...
[2025-03-20T19:03:46.890] [INFO] default - Eliminant dades existents...
[2025-03-20T19:03:46.945] [INFO] default - Inserint dades a MongoDB...
[2025-03-20T19:03:47.943] [INFO] default - 10000 documents inserits correctament.
[2025-03-20T19:03:47.943] [INFO] default - Dades carregades amb èxit!
[2025-03-20T19:03:47.947] [INFO] default - Connexió a MongoDB tancada
[2025-03-20T19:06:18.045] [INFO] default - Connectat a MongoDB
[2025-03-20T19:06:18.047] [INFO] default - Llegint el fitxer XML...
[2025-03-20T19:06:36.205] [INFO] default - Processant les dades...
[2025-03-20T19:06:46.304] [INFO] default - Eliminant dades existents...
[2025-03-20T19:06:46.382] [INFO] default - Inserint dades a MongoDB...
[2025-03-20T19:06:47.388] [INFO] default - 10000 documents inserits correctament.
[2025-03-20T19:06:47.388] [INFO] default - Dades carregades amb èxit!
[2025-03-20T19:06:47.393] [INFO] default - Connexió a MongoDB tancada
[2025-03-20T19:08:21.901] [INFO] default - Connectat a MongoDB
[2025-03-20T19:08:21.903] [INFO] default - Llegint el fitxer XML...
[2025-03-20T19:08:37.477] [INFO] default - Processant les dades...
[2025-03-20T19:08:47.362] [INFO] default - Eliminant dades existents...
[2025-03-20T19:08:47.433] [INFO] default - Inserint dades a MongoDB...
[2025-03-20T19:08:48.467] [INFO] default - 10000 documents inserits correctament.
[2025-03-20T19:08:48.468] [INFO] default - Dades carregades amb èxit!
[2025-03-20T19:08:48.472] [INFO] default - Connexió a MongoDB tancada
[2025-03-20T19:11:22.404] [INFO] default - Connectat a MongoDB
[2025-03-20T19:11:22.406] [INFO] default - Llegint el fitxer XML...
[2025-03-20T19:11:37.622] [INFO] default - Processant les dades...
[2025-03-20T19:11:46.157] [INFO] default - Total de preguntas procesadas: 148141
[2025-03-20T19:11:46.179] [INFO] default - Eliminant dades existents...
[2025-03-20T19:11:46.255] [INFO] default - Inserint dades a MongoDB...
[2025-03-20T19:11:47.158] [INFO] default - 10000 documents inserits correctament.
[2025-03-20T19:11:47.158] [INFO] default - Dades carregades amb èxit!
[2025-03-20T19:11:47.162] [INFO] default - Connexió a MongoDB tancada
[2025-03-20T19:12:52.989] [ERROR] default - Error carregant les dades a MongoDB: MongoServerError: Authentication failed.
    at Connection.onMessage (C:\Users\pablo\Desktop\mongodb\DAM-M06-UF03-Punt-Partida-NodeJS\exemple-mongodb\node_modules\mongodb\lib\cmap\connection.js:202:26)
    at MessageStream.<anonymous> (C:\Users\pablo\Desktop\mongodb\DAM-M06-UF03-Punt-Partida-NodeJS\exemple-mongodb\node_modules\mongodb\lib\cmap\connection.js:61:60)
    at MessageStream.emit (node:events:519:28)
    at processIncomingData (C:\Users\pablo\Desktop\mongodb\DAM-M06-UF03-Punt-Partida-NodeJS\exemple-mongodb\node_modules\mongodb\lib\cmap\message_stream.js:124:16)
    at MessageStream._write (C:\Users\pablo\Desktop\mongodb\DAM-M06-UF03-Punt-Partida-NodeJS\exemple-mongodb\node_modules\mongodb\lib\cmap\message_stream.js:33:9)
    at writeOrBuffer (node:internal/streams/writable:570:12)
    at _write (node:internal/streams/writable:499:10)
    at Writable.write (node:internal/streams/writable:508:10)
    at Socket.ondata (node:internal/streams/readable:1007:22)
    at Socket.emit (node:events:519:28) {
  ok: 0,
  code: 18,
  codeName: 'AuthenticationFailed',
  connectionGeneration: 0,
  [Symbol(errorLabels)]: Set(2) { 'HandshakeError', 'ResetPool' }
}
[2025-03-20T19:12:52.994] [INFO] default - Connexió a MongoDB tancada
[2025-03-20T19:15:10.677] [INFO] default - SU PUTISIMA MADRE EL PUTISIMO CLIENTE DE MIERDA ES [object Object]
[2025-03-20T19:15:10.710] [INFO] default - Connectat a MongoDB
[2025-03-27T15:42:54.260] [INFO] default - Connectat a MongoDB
[2025-03-27T15:42:54.263] [INFO] default - Llegint el fitxer XML...
[2025-03-27T15:43:09.575] [INFO] default - Processant les dades...
[2025-03-27T15:43:19.616] [INFO] default - Total de preguntas procesadas: 148141
[2025-03-27T15:43:19.642] [INFO] default - Eliminant dades existents...
[2025-03-27T15:43:19.733] [INFO] default - Inserint dades a MongoDB...
[2025-03-27T15:43:20.941] [INFO] default - 10000 documents inserits correctament.
[2025-03-27T15:43:20.942] [INFO] default - Dades carregades amb èxit!
[2025-03-27T15:43:20.951] [INFO] default - Connexió a MongoDB tancada
